<?xml version="1.0" encoding="UTF-8"?>
<!-- Generated by org.testng.reporters.JUnitXMLReporter -->
<testsuite hostname="umesh" ignored="0" name="validate loginTest" tests="3" failures="3" timestamp="2020-08-04T23:16:51 IST" time="38.918" errors="0">
  <testcase name="loginTest" time="15.694" classname="flipkart.SignInTest">
    <failure type="java.lang.AssertionError" message="Invalid creadintial expected [true] but found [false]">
      <![CDATA[java.lang.AssertionError: Invalid creadintial expected [true] but found [false]
at flipkart.SignInTest.loginTest(SignInTest.java:53)
at java.util.ArrayList.forEach(ArrayList.java:1257)
at java.util.concurrent.FutureTask.run(FutureTask.java:266)
at java.util.concurrent.ThreadPoolExecutor.runWorker(ThreadPoolExecutor.java:1149)
at java.util.concurrent.ThreadPoolExecutor$Worker.run(ThreadPoolExecutor.java:624)
at java.lang.Thread.run(Thread.java:748)
... Removed 21 stack frames]]>
    </failure>
  </testcase> <!-- loginTest -->
  <testcase name="loginTest" time="1.689" classname="flipkart.SignInTest">
    <failure type="java.lang.AssertionError" message="Invalid creadintial expected [true] but found [false]">
      <![CDATA[java.lang.AssertionError: Invalid creadintial expected [true] but found [false]
at flipkart.SignInTest.loginTest(SignInTest.java:53)
at java.util.ArrayList.forEach(ArrayList.java:1257)
at java.util.concurrent.FutureTask.run(FutureTask.java:266)
at java.util.concurrent.ThreadPoolExecutor.runWorker(ThreadPoolExecutor.java:1149)
at java.util.concurrent.ThreadPoolExecutor$Worker.run(ThreadPoolExecutor.java:624)
at java.lang.Thread.run(Thread.java:748)
... Removed 21 stack frames]]>
    </failure>
  </testcase> <!-- loginTest -->
  <testcase name="loginTest" time="1.599" classname="flipkart.SignInTest">
    <failure type="java.lang.AssertionError" message="Invalid creadintial expected [true] but found [false]">
      <![CDATA[java.lang.AssertionError: Invalid creadintial expected [true] but found [false]
at flipkart.SignInTest.loginTest(SignInTest.java:53)
at java.util.ArrayList.forEach(ArrayList.java:1257)
at java.util.concurrent.FutureTask.run(FutureTask.java:266)
at java.util.concurrent.ThreadPoolExecutor.runWorker(ThreadPoolExecutor.java:1149)
at java.util.concurrent.ThreadPoolExecutor$Worker.run(ThreadPoolExecutor.java:624)
at java.lang.Thread.run(Thread.java:748)
... Removed 21 stack frames]]>
    </failure>
  </testcase> <!-- loginTest -->
</testsuite> <!-- validate loginTest -->
