<?xml version="1.0" encoding="UTF-8"?>
<!-- Generated by org.testng.reporters.JUnitXMLReporter -->
<testsuite hostname="umesh" ignored="0" name="validate loginTest" tests="3" failures="3" timestamp="2020-08-05T14:35:48 IST" time="17.548" errors="0">
  <testcase name="loginTest" time="6.585" classname="flipkart.SignInTest">
    <failure type="java.lang.AssertionError" message="Invalid creadintial expected [true] but found [false]">
      <![CDATA[java.lang.AssertionError: Invalid creadintial expected [true] but found [false]
at flipkart.SignInTest.loginTest(SignInTest.java:53)
at java.util.ArrayList.forEach(ArrayList.java:1257)
... Removed 30 stack frames]]>
    </failure>
  </testcase> <!-- loginTest -->
  <testcase name="loginTest" time="1.171" classname="flipkart.SignInTest">
    <failure type="java.lang.AssertionError" message="Invalid creadintial expected [true] but found [false]">
      <![CDATA[java.lang.AssertionError: Invalid creadintial expected [true] but found [false]
at flipkart.SignInTest.loginTest(SignInTest.java:53)
at java.util.ArrayList.forEach(ArrayList.java:1257)
... Removed 30 stack frames]]>
    </failure>
  </testcase> <!-- loginTest -->
  <testcase name="loginTest" time="1.0" classname="flipkart.SignInTest">
    <failure type="java.lang.AssertionError" message="Invalid creadintial expected [true] but found [false]">
      <![CDATA[java.lang.AssertionError: Invalid creadintial expected [true] but found [false]
at flipkart.SignInTest.loginTest(SignInTest.java:53)
at java.util.ArrayList.forEach(ArrayList.java:1257)
... Removed 30 stack frames]]>
    </failure>
  </testcase> <!-- loginTest -->
</testsuite> <!-- validate loginTest -->
