<?xml version="1.0" encoding="UTF-8"?>
<!-- Generated by org.testng.reporters.JUnitXMLReporter -->
<testsuite hostname="umesh" ignored="0" name="validate loginTest" tests="3" failures="0" timestamp="2020-08-06T17:27:30 IST" time="27.745" errors="0">
  <testcase name="loginTest" time="8.273" classname="flipkart.SignInTest"/>
  <testcase name="loginTest" time="1.145" classname="flipkart.SignInTest"/>
  <testcase name="loginTest" time="1.169" classname="flipkart.SignInTest"/>
</testsuite> <!-- validate loginTest -->
