<?xml version="1.0" encoding="UTF-8"?>
<!-- Generated by org.testng.reporters.JUnitXMLReporter -->
<testsuite hostname="umesh" ignored="0" name="validate label" tests="3" failures="0" timestamp="2020-08-06T17:27:49 IST" time="18.969" errors="0">
  <testcase name="cartlabelTest" time="6.601" classname="flipkart.TC_cartLable_Test"/>
  <testcase name="validateElectronics" time="0.201" classname="flipkart.TC_cartLable_Test"/>
  <testcase name="validateMoblie_handler" time="0.559" classname="flipkart.TC_cartLable_Test"/>
</testsuite> <!-- validate label -->
