<?xml version="1.0" encoding="UTF-8"?>
<testsuite xmlns:xsi="http://www.w3.org/2001/XMLSchema-instance" xsi:noNamespaceSchemaLocation="https://maven.apache.org/surefire/maven-surefire-plugin/xsd/surefire-test-report-3.0.xsd" version="3.0" name="TestSuite" time="100.619" tests="5" errors="0" skipped="0" failures="5">
  <properties>
[...]
</properties>
  <testcase name="loginTest[ajshfh, pass](1)" classname="flipkart.SignInTest" time="24.434">
    <failure message="Invalid creadintial expected [true] but found [false]" type="java.lang.AssertionError"><![CDATA[java.lang.AssertionError: Invalid creadintial expected [true] but found [false]
	at flipkart.SignInTest.loginTest(SignInTest.java:53)
]]></failure>
    <system-out><![CDATA[2020-08-05 10:04:02,388 main ERROR Appenders contains an invalid element or attribute "resources"
chrome
2020-08-05 10:04:47,439 main ERROR Unable to rename file C:\Users\Umesh\eclipse-workspace\Framework\logs\prints.log to C:\Users\Umesh\eclipse-workspace\Framework\logs\prints-08-05-2020 10:04:47.417.log: java.nio.file.InvalidPathException Illegal char <:> at index 68: C:\Users\Umesh\eclipse-workspace\Framework\logs\prints-08-05-2020 10:04:47.417.log
]]></system-out>
    <system-err><![CDATA[Starting ChromeDriver 83.0.4103.39 (ccbf011cb2d2b19b506d844400483861342c20cd-refs/branch-heads/4103@{#416}) on port 35536
Only local connections are allowed.
Please see https://chromedriver.chromium.org/security-considerations for suggestions on keeping ChromeDriver safe.
ChromeDriver was started successfully.
[1596602078.064][WARNING]: This version of ChromeDriver has not been tested with Chrome version 84.
[1596602082.472][WARNING]: Timed out connecting to Chrome, retrying...
Aug 05, 2020 10:04:44 AM org.openqa.selenium.remote.ProtocolHandshake createSession
INFO: Detected dialect: W3C
]]></system-err>
  </testcase>
  <testcase name="loginTest[djsjjd, jhsdjhf](2)" classname="flipkart.SignInTest" time="2.591">
    <failure message="Invalid creadintial expected [true] but found [false]" type="java.lang.AssertionError"><![CDATA[java.lang.AssertionError: Invalid creadintial expected [true] but found [false]
	at flipkart.SignInTest.loginTest(SignInTest.java:53)
]]></failure>
  </testcase>
  <testcase name="loginTest[7745818782, Ume5sh67#](3)" classname="flipkart.SignInTest" time="1.52">
    <failure message="Invalid creadintial expected [true] but found [false]" type="java.lang.AssertionError"><![CDATA[java.lang.AssertionError: Invalid creadintial expected [true] but found [false]
	at flipkart.SignInTest.loginTest(SignInTest.java:53)
]]></failure>
    <system-out><![CDATA[2020-08-05 10:05:16,611 main ERROR Unable to rename file C:\Users\Umesh\eclipse-workspace\Framework\logs\prints.log to C:\Users\Umesh\eclipse-workspace\Framework\logs\prints-08-05-2020 10:05:16.611.log: java.nio.file.InvalidPathException Illegal char <:> at index 68: C:\Users\Umesh\eclipse-workspace\Framework\logs\prints-08-05-2020 10:05:16.611.log
]]></system-out>
  </testcase>
  <testcase name="cartlabelTest" classname="flipkart.TC_cartLable_Test" time="6.673">
    <failure message="Invalid creadintial expected [true] but found [false]" type="java.lang.AssertionError"><![CDATA[java.lang.AssertionError: Invalid creadintial expected [true] but found [false]
	at flipkart.TC_cartLable_Test.cartlabelTest(TC_cartLable_Test.java:44)
]]></failure>
    <system-out><![CDATA[chrome
]]></system-out>
    <system-err><![CDATA[Starting ChromeDriver 83.0.4103.39 (ccbf011cb2d2b19b506d844400483861342c20cd-refs/branch-heads/4103@{#416}) on port 13592
Only local connections are allowed.
Please see https://chromedriver.chromium.org/security-considerations for suggestions on keeping ChromeDriver safe.
ChromeDriver was started successfully.
[1596602126.802][WARNING]: This version of ChromeDriver has not been tested with Chrome version 84.
Aug 05, 2020 10:05:29 AM org.openqa.selenium.remote.ProtocolHandshake createSession
INFO: Detected dialect: W3C
]]></system-err>
  </testcase>
  <testcase name="validateMoblieHolder" classname="flipkart.TC_cartLable_Test" time="0.274">
    <failure message="javascript error: Failed to execute &apos;elementsFromPoint&apos; on &apos;Document&apos;: The provided double value is non-finite.&#10;  (Session info: chrome=84.0.4147.105)&#10;Build info: version: &apos;3.141.59&apos;, revision: &apos;e82be7d358&apos;, time: &apos;2018-11-14T08:17:03&apos;&#10;System info: host: &apos;UMESH&apos;, ip: &apos;192.168.56.1&apos;, os.name: &apos;Windows 10&apos;, os.arch: &apos;amd64&apos;, os.version: &apos;10.0&apos;, java.version: &apos;1.8.0_251&apos;&#10;Driver info: org.openqa.selenium.chrome.ChromeDriver&#10;Capabilities {acceptInsecureCerts: false, browserName: chrome, browserVersion: 84.0.4147.105, chrome: {chromedriverVersion: 83.0.4103.39 (ccbf011cb2d2b..., userDataDir: C:\Users\Umesh\AppData\Loca...}, goog:chromeOptions: {debuggerAddress: localhost:51910}, javascriptEnabled: true, networkConnectionEnabled: false, pageLoadStrategy: normal, platform: WINDOWS, platformName: WINDOWS, proxy: Proxy(), setWindowRect: true, strictFileInteractability: false, timeouts: {implicit: 0, pageLoad: 300000, script: 30000}, unhandledPromptBehavior: dismiss and notify, webauthn:virtualAuthenticators: true}&#10;Session ID: 0a0f3f79ac5b048f42e52e837cb7a1a0" type="org.openqa.selenium.JavascriptException"><![CDATA[org.openqa.selenium.JavascriptException: 
javascript error: Failed to execute 'elementsFromPoint' on 'Document': The provided double value is non-finite.
  (Session info: chrome=84.0.4147.105)
Build info: version: '3.141.59', revision: 'e82be7d358', time: '2018-11-14T08:17:03'
System info: host: 'UMESH', ip: '192.168.56.1', os.name: 'Windows 10', os.arch: 'amd64', os.version: '10.0', java.version: '1.8.0_251'
Driver info: org.openqa.selenium.chrome.ChromeDriver
Capabilities {acceptInsecureCerts: false, browserName: chrome, browserVersion: 84.0.4147.105, chrome: {chromedriverVersion: 83.0.4103.39 (ccbf011cb2d2b..., userDataDir: C:\Users\Umesh\AppData\Loca...}, goog:chromeOptions: {debuggerAddress: localhost:51910}, javascriptEnabled: true, networkConnectionEnabled: false, pageLoadStrategy: normal, platform: WINDOWS, platformName: WINDOWS, proxy: Proxy(), setWindowRect: true, strictFileInteractability: false, timeouts: {implicit: 0, pageLoad: 300000, script: 30000}, unhandledPromptBehavior: dismiss and notify, webauthn:virtualAuthenticators: true}
Session ID: 0a0f3f79ac5b048f42e52e837cb7a1a0
	at flipkart.TC_cartLable_Test.validateMoblieHolder(TC_cartLable_Test.java:51)
]]></failure>
  </testcase>
</testsuite>