<?xml version="1.0" encoding="UTF-8"?>
<testng-results skipped="0" failed="0" ignored="0" total="6" passed="6">
  <reporter-output>
  </reporter-output>
  <suite name="Suite" duration-ms="47833" started-at="2020-08-06T17:27:01 IST" finished-at="2020-08-06T17:27:49 IST">
    <groups>
    </groups>
    <test name="validate loginTest" duration-ms="27745" started-at="2020-08-06T17:27:01 IST" finished-at="2020-08-06T17:27:29 IST">
      <class name="flipkart.SignInTest">
        <test-method status="PASS" signature="initializer()[pri:0, instance:flipkart.SignInTest@4efc180e]" name="initializer" is-config="true" duration-ms="13533" started-at="2020-08-06T17:27:01 IST" finished-at="2020-08-06T17:27:15 IST">
          <reporter-output>
          </reporter-output>
        </test-method> <!-- initializer -->
        <test-method status="PASS" signature="loginTest(java.lang.String, java.lang.String)[pri:0, instance:flipkart.SignInTest@4efc180e]" name="loginTest" duration-ms="8273" started-at="2020-08-06T17:27:15 IST" data-provider="getDataProvide" finished-at="2020-08-06T17:27:23 IST">
          <params>
            <param index="0">
              <value>
                <![CDATA[ajshfh]]>
              </value>
            </param>
            <param index="1">
              <value>
                <![CDATA[pass]]>
              </value>
            </param>
          </params>
          <reporter-output>
          </reporter-output>
        </test-method> <!-- loginTest -->
        <test-method status="PASS" signature="loginTest(java.lang.String, java.lang.String)[pri:0, instance:flipkart.SignInTest@4efc180e]" name="loginTest" duration-ms="1145" started-at="2020-08-06T17:27:23 IST" data-provider="getDataProvide" finished-at="2020-08-06T17:27:24 IST">
          <params>
            <param index="0">
              <value>
                <![CDATA[djsjjd]]>
              </value>
            </param>
            <param index="1">
              <value>
                <![CDATA[jhsdjhf]]>
              </value>
            </param>
          </params>
          <reporter-output>
          </reporter-output>
        </test-method> <!-- loginTest -->
        <test-method status="PASS" signature="loginTest(java.lang.String, java.lang.String)[pri:0, instance:flipkart.SignInTest@4efc180e]" name="loginTest" duration-ms="1169" started-at="2020-08-06T17:27:24 IST" data-provider="getDataProvide" finished-at="2020-08-06T17:27:25 IST">
          <params>
            <param index="0">
              <value>
                <![CDATA[7745818782]]>
              </value>
            </param>
            <param index="1">
              <value>
                <![CDATA[Ume5sh67#]]>
              </value>
            </param>
          </params>
          <reporter-output>
          </reporter-output>
        </test-method> <!-- loginTest -->
        <test-method status="PASS" signature="tearDown()[pri:0, instance:flipkart.SignInTest@4efc180e]" name="tearDown" is-config="true" duration-ms="3571" started-at="2020-08-06T17:27:25 IST" finished-at="2020-08-06T17:27:29 IST">
          <reporter-output>
          </reporter-output>
        </test-method> <!-- tearDown -->
      </class> <!-- flipkart.SignInTest -->
    </test> <!-- validate loginTest -->
    <test name="validate label" duration-ms="18969" started-at="2020-08-06T17:27:30 IST" finished-at="2020-08-06T17:27:49 IST">
      <class name="flipkart.TC_cartLable_Test">
        <test-method status="PASS" signature="startTest()[pri:0, instance:flipkart.TC_cartLable_Test@2f217633]" name="startTest" is-config="true" duration-ms="8405" started-at="2020-08-06T17:27:30 IST" finished-at="2020-08-06T17:27:38 IST">
          <reporter-output>
          </reporter-output>
        </test-method> <!-- startTest -->
        <test-method status="PASS" signature="cartlabelTest()[pri:0, instance:flipkart.TC_cartLable_Test@2f217633]" name="cartlabelTest" duration-ms="6601" started-at="2020-08-06T17:27:38 IST" finished-at="2020-08-06T17:27:45 IST">
          <reporter-output>
          </reporter-output>
        </test-method> <!-- cartlabelTest -->
        <test-method status="PASS" signature="validateElectronics()[pri:0, instance:flipkart.TC_cartLable_Test@2f217633]" name="validateElectronics" duration-ms="201" started-at="2020-08-06T17:27:45 IST" finished-at="2020-08-06T17:27:45 IST">
          <reporter-output>
          </reporter-output>
        </test-method> <!-- validateElectronics -->
        <test-method status="PASS" signature="validateMoblie_handler()[pri:0, instance:flipkart.TC_cartLable_Test@2f217633]" name="validateMoblie_handler" duration-ms="559" started-at="2020-08-06T17:27:45 IST" finished-at="2020-08-06T17:27:46 IST">
          <reporter-output>
          </reporter-output>
        </test-method> <!-- validateMoblie_handler -->
        <test-method status="PASS" signature="tearDown()[pri:0, instance:flipkart.TC_cartLable_Test@2f217633]" name="tearDown" is-config="true" duration-ms="3203" started-at="2020-08-06T17:27:46 IST" finished-at="2020-08-06T17:27:49 IST">
          <reporter-output>
          </reporter-output>
        </test-method> <!-- tearDown -->
      </class> <!-- flipkart.TC_cartLable_Test -->
    </test> <!-- validate label -->
  </suite> <!-- Suite -->
</testng-results>
