<?xml version="1.0" encoding="UTF-8"?>
<testsuite xmlns:xsi="http://www.w3.org/2001/XMLSchema-instance" xsi:noNamespaceSchemaLocation="https://maven.apache.org/surefire/maven-surefire-plugin/xsd/surefire-test-report-3.0.xsd" version="3.0" name="TestSuite" time="27.753" tests="8" errors="0" skipped="6" failures="2">
  <properties>
[...]
</properties>
  <testcase name="initializer" classname="flipkart.SignInTest" time="26.949">
    <failure message="java.net.ConnectException: Failed to connect to localhost/0:0:0:0:0:0:0:1:11874&#10;Build info: version: &apos;3.141.59&apos;, revision: &apos;e82be7d358&apos;, time: &apos;2018-11-14T08:17:03&apos;&#10;System info: host: &apos;UMESH&apos;, ip: &apos;192.168.56.1&apos;, os.name: &apos;Windows 10&apos;, os.arch: &apos;amd64&apos;, os.version: &apos;10.0&apos;, java.version: &apos;1.8.0_251&apos;&#10;Driver info: driver.version: FirefoxDriver" type="org.openqa.selenium.WebDriverException"><![CDATA[org.openqa.selenium.WebDriverException: 
java.net.ConnectException: Failed to connect to localhost/0:0:0:0:0:0:0:1:11874
Build info: version: '3.141.59', revision: 'e82be7d358', time: '2018-11-14T08:17:03'
System info: host: 'UMESH', ip: '192.168.56.1', os.name: 'Windows 10', os.arch: 'amd64', os.version: '10.0', java.version: '1.8.0_251'
Driver info: driver.version: FirefoxDriver
	at flipkart.SignInTest.initializer(SignInTest.java:32)
Caused by: java.net.ConnectException: Failed to connect to localhost/0:0:0:0:0:0:0:1:11874
	at flipkart.SignInTest.initializer(SignInTest.java:32)
Caused by: java.net.ConnectException: Connection refused: connect
	at flipkart.SignInTest.initializer(SignInTest.java:32)
]]></failure>
    <system-out><![CDATA[2020-08-04 14:55:50,248 main ERROR Appenders contains an invalid element or attribute "resources"
firefox
firefox
]]></system-out>
  </testcase>
  <testcase name="loginTest" classname="flipkart.SignInTest" time="0">
    <skipped message="java.net.ConnectException: Failed to connect to localhost/0:0:0:0:0:0:0:1:11874&#10;Build info: version: &apos;3.141.59&apos;, revision: &apos;e82be7d358&apos;, time: &apos;2018-11-14T08:17:03&apos;&#10;System info: host: &apos;UMESH&apos;, ip: &apos;192.168.56.1&apos;, os.name: &apos;Windows 10&apos;, os.arch: &apos;amd64&apos;, os.version: &apos;10.0&apos;, java.version: &apos;1.8.0_251&apos;&#10;Driver info: driver.version: FirefoxDriver"/>
  </testcase>
  <testcase name="loginTest" classname="flipkart.SignInTest" time="0">
    <skipped message="java.net.ConnectException: Failed to connect to localhost/0:0:0:0:0:0:0:1:11874&#10;Build info: version: &apos;3.141.59&apos;, revision: &apos;e82be7d358&apos;, time: &apos;2018-11-14T08:17:03&apos;&#10;System info: host: &apos;UMESH&apos;, ip: &apos;192.168.56.1&apos;, os.name: &apos;Windows 10&apos;, os.arch: &apos;amd64&apos;, os.version: &apos;10.0&apos;, java.version: &apos;1.8.0_251&apos;&#10;Driver info: driver.version: FirefoxDriver"/>
  </testcase>
  <testcase name="loginTest" classname="flipkart.SignInTest" time="0">
    <skipped message="java.net.ConnectException: Failed to connect to localhost/0:0:0:0:0:0:0:1:11874&#10;Build info: version: &apos;3.141.59&apos;, revision: &apos;e82be7d358&apos;, time: &apos;2018-11-14T08:17:03&apos;&#10;System info: host: &apos;UMESH&apos;, ip: &apos;192.168.56.1&apos;, os.name: &apos;Windows 10&apos;, os.arch: &apos;amd64&apos;, os.version: &apos;10.0&apos;, java.version: &apos;1.8.0_251&apos;&#10;Driver info: driver.version: FirefoxDriver"/>
  </testcase>
  <testcase name="tearDown" classname="flipkart.SignInTest" time="0">
    <skipped/>
  </testcase>
  <testcase name="startTest" classname="flipkart.TC_cartLable_Test" time="26.965">
    <failure message="java.net.ConnectException: Failed to connect to localhost/0:0:0:0:0:0:0:1:47496&#10;Build info: version: &apos;3.141.59&apos;, revision: &apos;e82be7d358&apos;, time: &apos;2018-11-14T08:17:03&apos;&#10;System info: host: &apos;UMESH&apos;, ip: &apos;192.168.56.1&apos;, os.name: &apos;Windows 10&apos;, os.arch: &apos;amd64&apos;, os.version: &apos;10.0&apos;, java.version: &apos;1.8.0_251&apos;&#10;Driver info: driver.version: FirefoxDriver" type="org.openqa.selenium.WebDriverException"><![CDATA[org.openqa.selenium.WebDriverException: 
java.net.ConnectException: Failed to connect to localhost/0:0:0:0:0:0:0:1:47496
Build info: version: '3.141.59', revision: 'e82be7d358', time: '2018-11-14T08:17:03'
System info: host: 'UMESH', ip: '192.168.56.1', os.name: 'Windows 10', os.arch: 'amd64', os.version: '10.0', java.version: '1.8.0_251'
Driver info: driver.version: FirefoxDriver
	at flipkart.TC_cartLable_Test.startTest(TC_cartLable_Test.java:24)
Caused by: java.net.ConnectException: Failed to connect to localhost/0:0:0:0:0:0:0:1:47496
	at flipkart.TC_cartLable_Test.startTest(TC_cartLable_Test.java:24)
Caused by: java.net.ConnectException: Connection refused: connect
	at flipkart.TC_cartLable_Test.startTest(TC_cartLable_Test.java:24)
]]></failure>
  </testcase>
  <testcase name="cartlabelTest" classname="flipkart.TC_cartLable_Test" time="0">
    <skipped message="java.net.ConnectException: Failed to connect to localhost/0:0:0:0:0:0:0:1:47496&#10;Build info: version: &apos;3.141.59&apos;, revision: &apos;e82be7d358&apos;, time: &apos;2018-11-14T08:17:03&apos;&#10;System info: host: &apos;UMESH&apos;, ip: &apos;192.168.56.1&apos;, os.name: &apos;Windows 10&apos;, os.arch: &apos;amd64&apos;, os.version: &apos;10.0&apos;, java.version: &apos;1.8.0_251&apos;&#10;Driver info: driver.version: FirefoxDriver"/>
  </testcase>
  <testcase name="tearDown" classname="flipkart.TC_cartLable_Test" time="0">
    <skipped/>
  </testcase>
</testsuite>